[24/Oct/2020:09:35:20] (I): WordPress Instance Info:
[24/Oct/2020:09:35:20] (I): Home URL : http://localhost/wordpress/wp_project_6
[24/Oct/2020:09:35:20] (I): Site URL : http://localhost/wordpress/wp_project_6
[24/Oct/2020:09:35:20] (I): WordPress Version : 5.5.1
[24/Oct/2020:09:35:20] (I): Onboarding Version : 1.0.11
[24/Oct/2020:09:35:20] (I): Multisite : No
[24/Oct/2020:09:35:20] (I): Server Info : Apache/2.4.46 (Win64) OpenSSL/1.1.1g PHP/7.4.10
[24/Oct/2020:09:35:20] (I): PHP Version : 7.4.10
[24/Oct/2020:09:35:20] (I): HTTPS : No
[24/Oct/2020:09:35:20] (I): PHP Max Execution Time : 120
[24/Oct/2020:09:35:20] (I): PHP Max Input Vars : 1000
[24/Oct/2020:09:35:20] (I): Max Upload Size : 41943040
[24/Oct/2020:09:35:20] (I): Plugins:
[24/Oct/2020:09:35:20] (I): [PLUGIN] Gutenberg Blocks and Template Library by Otter : v1.5.8 (ThemeIsle)
[24/Oct/2020:09:35:20] (I): [PLUGIN] Templates Patterns Collection : v1.0.11 (ThemeIsle)
[24/Oct/2020:09:35:20] (I): [PLUGIN] WPForms Lite : v1.6.3.1 (WPForms)
[24/Oct/2020:09:35:20] (P): Saving remote XML
[24/Oct/2020:09:35:23] (S): Saved remote XML at path G:\WDPF\xampp\htdocs\wordpress\wp_project_6/wp-content/uploads/themeisle-demo-import.xml.
[24/Oct/2020:09:35:23] (P): Starting content import...
[24/Oct/2020:09:35:24] (S): Import started.
[24/Oct/2020:09:35:24] (S): Parsing XML file.
[24/Oct/2020:09:35:24] (P): Starting parsing file:G:\WDPF\xampp\htdocs\wordpress\wp_project_6/wp-content/uploads/themeisle-demo-import.xml
[24/Oct/2020:09:35:24] (P): Using WXR_Parser_SimpleXML...
[24/Oct/2020:09:35:24] (S): Parsed XML
[24/Oct/2020:09:35:24] (P): Processing categories...
[24/Oct/2020:09:35:24] (S): Processed categories.
[24/Oct/2020:09:35:24] (P): Processing tags...
[24/Oct/2020:09:35:24] (S): No tags to process.
[24/Oct/2020:09:35:24] (P): Processing terms...
[24/Oct/2020:09:35:24] (S): Processed terms.
[24/Oct/2020:09:35:24] (P): Processing posts...
[24/Oct/2020:09:35:24] (P): Inserting custom_css: neve .
[24/Oct/2020:09:35:24] (S): Done inserting custom_css: neve .
[24/Oct/2020:09:35:24] (P): Processing single menu item ' Join the Cause '...
[24/Oct/2020:09:35:24] (S): Processed single menu item.
[24/Oct/2020:09:35:24] (P): Processing single menu item ' Latest Stories '...
[24/Oct/2020:09:35:25] (S): Processed single menu item.
[24/Oct/2020:09:35:25] (P): Processing single menu item ' Who We Are '...
[24/Oct/2020:09:35:25] (S): Processed single menu item.
[24/Oct/2020:09:35:25] (P): Processing attachment: https://s33834.pcdn.co/charity-gb/wp-content/uploads/sites/290/2019/04/abigail-keenan-27292-unsplash.jpg...
[24/Oct/2020:09:35:25] (P): Fetching attachment from url: https://s33834.pcdn.co/charity-gb/wp-content/uploads/sites/290/2019/04/abigail-keenan-27292-unsplash.jpg...
[24/Oct/2020:09:35:32] (S): Fetched remote attachment.
[24/Oct/2020:09:35:32] (P): Inserting attachment...
[24/Oct/2020:09:35:32] (S): Attachment inserted
[24/Oct/2020:09:35:32] (S): Processed attachment.
[24/Oct/2020:09:35:32] (P): Processing attachment: https://s33834.pcdn.co/charity-gb/wp-content/uploads/sites/290/2019/04/alexandr-podvalny-221893-unsplash.jpg...
[24/Oct/2020:09:35:32] (P): Fetching attachment from url: https://s33834.pcdn.co/charity-gb/wp-content/uploads/sites/290/2019/04/alexandr-podvalny-221893-unsplash.jpg...
[24/Oct/2020:09:35:33] (S): Fetched remote attachment.
[24/Oct/2020:09:35:33] (P): Inserting attachment...
[24/Oct/2020:09:35:33] (S): Attachment inserted
[24/Oct/2020:09:35:33] (S): Processed attachment.
[24/Oct/2020:09:35:33] (P): Processing attachment: https://s33834.pcdn.co/charity-gb/wp-content/uploads/sites/290/2019/04/annie-spratt-135307-unsplash.jpg...
[24/Oct/2020:09:35:33] (P): Fetching attachment from url: https://s33834.pcdn.co/charity-gb/wp-content/uploads/sites/290/2019/04/annie-spratt-135307-unsplash.jpg...
[24/Oct/2020:09:40:33] (E): Remote server did not respond
[24/Oct/2020:09:40:33] (E): {"errors":{"import_file_error":["Remote server did not respond"]},"error_data":[]}
[24/Oct/2020:09:40:33] (E): Failed to import Media annie-spratt-135307-unsplash . Remote server did not respond
[24/Oct/2020:09:40:33] (P): Processing attachment: https://s33834.pcdn.co/charity-gb/wp-content/uploads/sites/290/2019/04/annie-spratt-427337-unsplash-1024x681.jpg...
[24/Oct/2020:09:40:33] (P): Fetching attachment from url: https://s33834.pcdn.co/charity-gb/wp-content/uploads/sites/290/2019/04/annie-spratt-427337-unsplash-1024x681.jpg...
[24/Oct/2020:09:40:41] (S): Fetched remote attachment.
[24/Oct/2020:09:40:41] (P): Inserting attachment...
[24/Oct/2020:09:40:41] (S): Attachment inserted
[24/Oct/2020:09:40:41] (S): Processed attachment.
[24/Oct/2020:09:40:41] (P): Processing attachment: https://s33834.pcdn.co/charity-gb/wp-content/uploads/sites/290/2019/04/avel-chuklanov-686841-unsplash.jpg...
[24/Oct/2020:09:40:41] (P): Fetching attachment from url: https://s33834.pcdn.co/charity-gb/wp-content/uploads/sites/290/2019/04/avel-chuklanov-686841-unsplash.jpg...
[24/Oct/2020:09:45:41] (E): Remote server did not respond
[24/Oct/2020:09:45:41] (E): {"errors":{"import_file_error":["Remote server did not respond"]},"error_data":[]}
[24/Oct/2020:09:45:41] (E): Failed to import Media avel-chuklanov-686841-unsplash . Remote server did not respond
[24/Oct/2020:09:45:41] (P): Processing attachment: https://s33834.pcdn.co/charity-gb/wp-content/uploads/sites/290/2019/04/bill-wegener-391233-unsplash.jpg...
[24/Oct/2020:09:45:41] (P): Fetching attachment from url: https://s33834.pcdn.co/charity-gb/wp-content/uploads/sites/290/2019/04/bill-wegener-391233-unsplash.jpg...
[24/Oct/2020:09:45:48] (S): Fetched remote attachment.
[24/Oct/2020:09:45:48] (P): Inserting attachment...
[24/Oct/2020:09:45:48] (S): Attachment inserted
[24/Oct/2020:09:45:48] (S): Processed attachment.
[24/Oct/2020:09:45:48] (P): Processing attachment: https://s33834.pcdn.co/charity-gb/wp-content/uploads/sites/290/2019/04/capturing-the-human-heart-227847-unsplash.jpg...
[24/Oct/2020:09:45:48] (P): Fetching attachment from url: https://s33834.pcdn.co/charity-gb/wp-content/uploads/sites/290/2019/04/capturing-the-human-heart-227847-unsplash.jpg...
[24/Oct/2020:09:45:51] (S): Fetched remote attachment.
[24/Oct/2020:09:45:51] (P): Inserting attachment...
[24/Oct/2020:09:45:51] (S): Attachment inserted
[24/Oct/2020:09:45:51] (S): Processed attachment.
[24/Oct/2020:09:45:51] (P): Processing attachment: https://s33834.pcdn.co/charity-gb/wp-content/uploads/sites/290/2019/04/Neve_charity_demo_logo-1-1.png...
[24/Oct/2020:09:45:51] (P): Fetching attachment from url: https://s33834.pcdn.co/charity-gb/wp-content/uploads/sites/290/2019/04/Neve_charity_demo_logo-1-1.png...
[24/Oct/2020:09:45:52] (S): Fetched remote attachment.
[24/Oct/2020:09:45:52] (P): Inserting attachment...
[24/Oct/2020:09:45:52] (S): Attachment inserted
[24/Oct/2020:09:45:52] (S): Processed attachment.
[24/Oct/2020:09:45:52] (P): Processing attachment: https://s33834.pcdn.co/charity-gb/wp-content/uploads/sites/290/2019/04/placeholder-image.png...
[24/Oct/2020:09:45:52] (P): Fetching attachment from url: https://s33834.pcdn.co/charity-gb/wp-content/uploads/sites/290/2019/04/placeholder-image.png...
[24/Oct/2020:09:45:52] (S): Fetched remote attachment.
[24/Oct/2020:09:45:52] (P): Inserting attachment...
[24/Oct/2020:09:45:53] (S): Attachment inserted
[24/Oct/2020:09:45:53] (S): Processed attachment.
[24/Oct/2020:09:45:53] (P): Inserting post: You can live without money .
[24/Oct/2020:09:45:53] (S): Done inserting post: You can live without money .
[24/Oct/2020:09:45:53] (P): Processing attachment: https://s33834.pcdn.co/charity-gb/wp-content/uploads/sites/290/2019/09/capturing-the-human-heart-227847-unsplash.jpg...
[24/Oct/2020:09:45:53] (P): Fetching attachment from url: https://s33834.pcdn.co/charity-gb/wp-content/uploads/sites/290/2019/09/capturing-the-human-heart-227847-unsplash.jpg...
[24/Oct/2020:09:45:55] (S): Fetched remote attachment.
[24/Oct/2020:09:45:55] (P): Inserting attachment...
[24/Oct/2020:09:45:55] (S): Attachment inserted
[24/Oct/2020:09:45:55] (S): Processed attachment.
[24/Oct/2020:09:45:55] (P): Inserting post: Providing water in dry areas .
[24/Oct/2020:09:45:55] (S): Done inserting post: Providing water in dry areas .
[24/Oct/2020:09:45:55] (P): Inserting post: Life living in a poverty camp .
[24/Oct/2020:09:45:56] (S): Done inserting post: Life living in a poverty camp .
[24/Oct/2020:09:45:56] (P): Inserting page: Home .
[24/Oct/2020:09:45:56] (S): Done inserting page: Home .
[24/Oct/2020:09:45:56] (P): Inserting page: Blog .
[24/Oct/2020:09:45:57] (S): Done inserting page: Blog .
[24/Oct/2020:09:45:57] (P): Processing single menu item ' '...
[24/Oct/2020:09:45:57] (S): Processed single menu item.
[24/Oct/2020:09:45:57] (S): Processed posts.
[24/Oct/2020:09:45:58] (P): Cleaning up import with id ...
[24/Oct/2020:09:45:58] (P): Done cleanup. Flushing cache...
[24/Oct/2020:09:45:58] (P): Flushed cache. Removing temporary data..
[24/Oct/2020:09:45:58] (S): Done importing
[24/Oct/2020:09:45:58] (P): Busting elementor cache
[24/Oct/2020:09:45:58] (S): Front page set up with id: 206.
