********************************************************************************
DUPLICATOR-LITE PACKAGE-LOG: October 7, 2020 1:09 pm
NOTICE: Do NOT post to public sites or forums 
********************************************************************************
VERSION:	1.3.38
WORDPRESS:	5.5.1
PHP INFO:	7.4.10 | SAPI: apache2handler
SERVER:		Apache/2.4.46 (Win64) OpenSSL/1.1.1g PHP/7.4.10 
PHP TIME LIMIT: (0) no time limit imposed 
PHP MAX MEMORY: 4294967296 (512M default) 
MEMORY STACK: 4MB

********************************************************************************
DATABASE:
********************************************************************************
BUILD MODE:   MYSQLDUMP
MYSQLTIMEOUT: 5000
MYSQLDUMP:    Is Supported
SQL CREATED: 20201007_mysite_b79eae77551111675009_20201007130857_database.sql
SQL FILE SIZE: 633.58KB (648783)
SQL FILE TIME: 2020-10-07 13:09:04
SQL RUNTIME: 1.26 sec.

********************************************************************************
ARCHIVE (ZIP):
********************************************************************************
ARCHIVE DIR:  G:/WDPF/xampp/htdocs/wordpress/wp_project_1
ARCHIVE FILE: 20201007_mysite_b79eae77551111675009_20201007130857_archive.zip
FILTERS: *OFF*
DIRS:
	not set
FILES:
	not set
EXTS:  not set
----------------------------------------
COMPRESSING
SIZE:	52.27MB
STATS:	Dirs 307 | Files 2,311
SQL ADDED: 20201007_mysite_b79eae77551111675009_20201007130857_database.sql
ZipArchive Object
(
    [status] => 0
    [statusSys] => 0
    [numFiles] => 2618
    [filename] => G:\WDPF\xampp\htdocs\wordpress\wp_project_1\wp-content\backups-dup-lite\tmp\20201007_mysite_b79eae77551111675009_20201007130857_archive.zip
    [comment] => 
)

FILE ADDED TO ZIP: 2617
COMPRESSION RESULT: '1'
COMPRESSED SIZE: 16.76MB
ARCHIVE RUNTIME: 16.00 sec.
MEMORY STACK: 4MB
building installer
add_extra_files1
add_extra_files2
add_extra_files3
add_extra_files4
Doing archive file check
add_extra_files5
add_extra_files6
add_extra_files8
Successfully opened zip G:/WDPF/xampp/htdocs/wordpress/wp_project_1/wp-content/backups-dup-lite/tmp/20201007_mysite_b79eae77551111675009_20201007130857_archive.zip
Adding enhanced installer files to archive using ZipArchive
Installer files added to archive
Added to archive
After ziparchive close when adding installer

********************************************************************************
INTEGRITY CHECKS:
********************************************************************************
SQL FILE: 633.58KB
INSTALLER FILE: 61.31KB
ARCHIVE FILE: 18.24MB 
EXPECTED FILE/DIRECTORY COUNT: 2,618
ACTUAL FILE/DIRECTORY COUNT: 2,617
ARCHIVE CONSISTENCY TEST: Pass

********************************************************************************
RECORD ID:[1]
TOTAL PROCESS RUNTIME: 17.79 sec.
PEAK PHP MEMORY USED: 6MB
DONE PROCESSING => 20201007_mysite October 7, 2020 1:09 pm

