********************************************************************************
DUPLICATOR-LITE PACKAGE-LOG: October 13, 2020 12:32 pm
NOTICE: Do NOT post to public sites or forums 
********************************************************************************
VERSION:	1.3.38
WORDPRESS:	5.5.1
PHP INFO:	7.4.10 | SAPI: apache2handler
SERVER:		Apache/2.4.46 (Win64) OpenSSL/1.1.1g PHP/7.4.10 
PHP TIME LIMIT: (0) no time limit imposed 
PHP MAX MEMORY: 4294967296 (512M default) 
MEMORY STACK: 2MB

********************************************************************************
DATABASE:
********************************************************************************
BUILD MODE:   MYSQLDUMP
MYSQLTIMEOUT: 5000
MYSQLDUMP:    Is Supported
SQL CREATED: 20201007_mysite_e5bf7f75b157f33e7602_20201013123249_database.sql
SQL FILE SIZE: 851.38KB (871815)
SQL FILE TIME: 2020-10-13 12:32:58
SQL RUNTIME: 2.32 sec.

********************************************************************************
ARCHIVE (ZIP):
********************************************************************************
ARCHIVE DIR:  G:/WDPF/xampp/htdocs/wordpress/wp_project_1
ARCHIVE FILE: 20201007_mysite_e5bf7f75b157f33e7602_20201013123249_archive.zip
FILTERS: *OFF*
DIRS:
	not set
FILES:
	not set
EXTS:  not set
----------------------------------------
COMPRESSING
SIZE:	68.87MB
STATS:	Dirs 339 | Files 2,581
SQL ADDED: 20201007_mysite_e5bf7f75b157f33e7602_20201013123249_database.sql
ZipArchive Object
(
    [status] => 0
    [statusSys] => 0
    [numFiles] => 2920
    [filename] => G:\WDPF\xampp\htdocs\wordpress\wp_project_1\wp-content\backups-dup-lite\tmp\20201007_mysite_e5bf7f75b157f33e7602_20201013123249_archive.zip
    [comment] => 
)

FILE ADDED TO ZIP: 2919
COMPRESSION RESULT: '1'
COMPRESSED SIZE: 31.3MB
ARCHIVE RUNTIME: 8.48 sec.
MEMORY STACK: 4MB
building installer
add_extra_files1
add_extra_files2
add_extra_files3
add_extra_files4
Doing archive file check
add_extra_files5
add_extra_files6
add_extra_files8
Successfully opened zip G:/WDPF/xampp/htdocs/wordpress/wp_project_1/wp-content/backups-dup-lite/tmp/20201007_mysite_e5bf7f75b157f33e7602_20201013123249_archive.zip
Adding enhanced installer files to archive using ZipArchive
Installer files added to archive
Added to archive
After ziparchive close when adding installer

********************************************************************************
INTEGRITY CHECKS:
********************************************************************************
SQL FILE: 851.38KB
INSTALLER FILE: 61.31KB
ARCHIVE FILE: 32.78MB 
EXPECTED FILE/DIRECTORY COUNT: 2,920
ACTUAL FILE/DIRECTORY COUNT: 2,919
ARCHIVE CONSISTENCY TEST: Pass

********************************************************************************
RECORD ID:[2]
TOTAL PROCESS RUNTIME: 11.61 sec.
PEAK PHP MEMORY USED: 4MB
DONE PROCESSING => 20201007_mysite October 13, 2020 12:33 pm

